Unity Editor version:    2021.3.23f1 (213b516bf396)
Branch:                  2021.3/staging
Build type:              Release
Batch mode:              YES
macOS version:           Version 13.4 (Build 22F66)
Darwin version:          22.5.0
Architecture:            arm64
Running under Rosetta:   NO
Available memory:        16384 MB
Using pre-set license
Pro License: YES

COMMAND LINE ARGUMENTS:
/Applications/Unity/Hub/Editor/2021.3.23f1/Unity.app/Contents/MacOS/Unity
-adb2
-batchMode
-noUpm
-name
AssetImportWorker0
-projectPath
/Users/x23029xx/Supponのコピー
-logFile
Logs/AssetImportWorker0.log
-srvPort
61707
Successfully changed project path to: /Users/x23029xx/Supponのコピー
/Users/x23029xx/Supponのコピー
[UnityMemory] Configuration Parameters - Can be set up in boot.config
    "memorysetup-bucket-allocator-granularity=16"
    "memorysetup-bucket-allocator-bucket-count=8"
    "memorysetup-bucket-allocator-block-size=33554432"
    "memorysetup-bucket-allocator-block-count=8"
    "memorysetup-main-allocator-block-size=16777216"
    "memorysetup-thread-allocator-block-size=16777216"
    "memorysetup-gfx-main-allocator-block-size=16777216"
    "memorysetup-gfx-thread-allocator-block-size=16777216"
    "memorysetup-cache-allocator-block-size=4194304"
    "memorysetup-typetree-allocator-block-size=2097152"
    "memorysetup-profiler-bucket-allocator-granularity=16"
    "memorysetup-profiler-bucket-allocator-bucket-count=8"
    "memorysetup-profiler-bucket-allocator-block-size=33554432"
    "memorysetup-profiler-bucket-allocator-block-count=8"
    "memorysetup-profiler-allocator-block-size=16777216"
    "memorysetup-profiler-editor-allocator-block-size=1048576"
    "memorysetup-temp-allocator-size-main=16777216"
    "memorysetup-job-temp-allocator-block-size=2097152"
    "memorysetup-job-temp-allocator-block-size-background=1048576"
    "memorysetup-job-temp-allocator-reduction-small-platforms=262144"
    "memorysetup-temp-allocator-size-background-worker=32768"
    "memorysetup-temp-allocator-size-job-worker=262144"
    "memorysetup-temp-allocator-size-preload-manager=33554432"
    "memorysetup-temp-allocator-size-nav-mesh-worker=65536"
    "memorysetup-temp-allocator-size-audio-worker=65536"
    "memorysetup-temp-allocator-size-cloud-worker=32768"
    "memorysetup-temp-allocator-size-gi-baking-worker=262144"
    "memorysetup-temp-allocator-size-gfx=262144"
Player connection [8632720896] Host "[IP] 10.11.33.119 [Port] 0 [Flags] 2 [Guid] 3200871976 [EditorId] 3200871976 [Version] 1048832 [Id] OSXEditor(0,x23029xxnoMacBook-Air.local) [Debug] 1 [PackageName] OSXEditor [ProjectName] Editor" joined multi-casting on [225.0.0.222:54997]...

Player connection [8632720896] Host "[IP] 10.11.33.119 [Port] 0 [Flags] 2 [Guid] 3200871976 [EditorId] 3200871976 [Version] 1048832 [Id] OSXEditor(0,x23029xxnoMacBook-Air.local) [Debug] 1 [PackageName] OSXEditor [ProjectName] Editor" joined alternative multi-casting on [225.0.0.222:34997]...

Refreshing native plugins compatible for Editor in 102.23 ms, found 2 plugins.
Preloading 0 native plugins for Editor in 0.00 ms.
Initialize engine version: 2021.3.23f1 (213b516bf396)
[Subsystems] Discovering subsystems at path /Applications/Unity/Hub/Editor/2021.3.23f1/Unity.app/Contents/Resources/UnitySubsystems
[Subsystems] Discovering subsystems at path /Users/x23029xx/Supponのコピー/Assets
GfxDevice: creating device client; threaded=0; jobified=0
 preferred device: Apple M1 (high power)
Metal devices available: 1
0: Apple M1 (high power)
Using device Apple M1 (high power)
Initializing Metal device caps: Apple M1
Initialize mono
Mono path[0] = '/Applications/Unity/Hub/Editor/2021.3.23f1/Unity.app/Contents/Managed'
Mono path[1] = '/Applications/Unity/Hub/Editor/2021.3.23f1/Unity.app/Contents/MonoBleedingEdge/lib/mono/unityjit-macos'
Mono config path = '/Applications/Unity/Hub/Editor/2021.3.23f1/Unity.app/Contents/MonoBleedingEdge/etc'
Using monoOptions --debugger-agent=transport=dt_socket,embedding=1,server=y,suspend=n,address=127.0.0.1:56308
Begin MonoManager ReloadAssembly
Registering precompiled unity dll's ...
Register platform support module: /Applications/Unity/Hub/Editor/2021.3.23f1/Unity.app/Contents/PlaybackEngines/MacStandaloneSupport/UnityEditor.OSXStandalone.Extensions.dll
Registered in 0.002417 seconds.
Native extension for OSXStandalone target not found
Refreshing native plugins compatible for Editor in 101.56 ms, found 2 plugins.
Preloading 0 native plugins for Editor in 0.00 ms.
Mono: successfully reloaded assembly
- Completed reload, in  0.612 seconds
Domain Reload Profiling:
	ReloadAssembly (612ms)
		BeginReloadAssembly (95ms)
			ExecutionOrderSort (0ms)
			DisableScriptedObjects (0ms)
			BackupInstance (0ms)
			ReleaseScriptingObjects (0ms)
			CreateAndSetChildDomain (1ms)
		EndReloadAssembly (432ms)
			LoadAssemblies (95ms)
			RebuildTransferFunctionScriptingTraits (0ms)
			SetupTypeCache (104ms)
			ReleaseScriptCaches (0ms)
			RebuildScriptCaches (29ms)
			SetupLoadedEditorAssemblies (259ms)
				LogAssemblyErrors (0ms)
				InitializePlatformSupportModulesInManaged (5ms)
				SetLoadedEditorAssemblies (0ms)
				RefreshPlugins (102ms)
				BeforeProcessingInitializeOnLoad (1ms)
				ProcessInitializeOnLoadAttributes (115ms)
				ProcessInitializeOnLoadMethodAttributes (36ms)
				AfterProcessingInitializeOnLoad (0ms)
				EditorAssembliesLoaded (0ms)
			ExecutionOrderSort2 (0ms)
			AwakeInstancesAfterBackupRestoration (0ms)
Platform modules already initialized, skipping
Registering precompiled user dll's ...
Registered in 0.006533 seconds.
Begin MonoManager ReloadAssembly
Symbol file LoadedFromMemory doesn't match image /Users/x23029xx/Supponのコピー/Library/PackageCache/com.unity.visualscripting@1.8.0/Editor/VisualScripting.Core/Dependencies/YamlDotNet/Unity.VisualScripting.YamlDotNet.dll
Symbol file LoadedFromMemory doesn't match image /Users/x23029xx/Supponのコピー/Library/PackageCache/com.unity.visualscripting@1.8.0/Editor/VisualScripting.Core/Dependencies/DotNetZip/Unity.VisualScripting.IonicZip.dll
Native extension for OSXStandalone target not found
Refreshing native plugins compatible for Editor in 0.43 ms, found 2 plugins.
Preloading 0 native plugins for Editor in 0.00 ms.
Mono: successfully reloaded assembly
- Completed reload, in  0.917 seconds
Domain Reload Profiling:
	ReloadAssembly (917ms)
		BeginReloadAssembly (118ms)
			ExecutionOrderSort (0ms)
			DisableScriptedObjects (5ms)
			BackupInstance (0ms)
			ReleaseScriptingObjects (0ms)
			CreateAndSetChildDomain (23ms)
		EndReloadAssembly (701ms)
			LoadAssemblies (102ms)
			RebuildTransferFunctionScriptingTraits (0ms)
			SetupTypeCache (252ms)
			ReleaseScriptCaches (0ms)
			RebuildScriptCaches (48ms)
			SetupLoadedEditorAssemblies (295ms)
				LogAssemblyErrors (0ms)
				InitializePlatformSupportModulesInManaged (3ms)
				SetLoadedEditorAssemblies (0ms)
				RefreshPlugins (0ms)
				BeforeProcessingInitializeOnLoad (79ms)
				ProcessInitializeOnLoadAttributes (195ms)
				ProcessInitializeOnLoadMethodAttributes (16ms)
				AfterProcessingInitializeOnLoad (1ms)
				EditorAssembliesLoaded (0ms)
			ExecutionOrderSort2 (0ms)
			AwakeInstancesAfterBackupRestoration (3ms)
Platform modules already initialized, skipping
========================================================================
Worker process is ready to serve import requests
Launching external process: /Applications/Unity/Hub/Editor/2021.3.23f1/Unity.app/Contents/Tools/UnityShaderCompiler
Launched and connected shader compiler UnityShaderCompiler after 0.08 seconds
Refreshing native plugins compatible for Editor in 0.43 ms, found 2 plugins.
Preloading 0 native plugins for Editor in 0.00 ms.
Unloading 3060 Unused Serialized files (Serialized files now loaded: 0)
Unloading 24 unused Assets / (212.8 KB). Loaded Objects now: 3522.
Memory consumption went from 107.6 MB to 107.4 MB.
Total: 2.961750 ms (FindLiveObjects: 0.147417 ms CreateObjectMapping: 0.054416 ms MarkObjects: 2.673625 ms  DeleteObjects: 0.085542 ms)

AssetImportParameters requested are different than current active one (requested -> active):
  custom:video-decoder-ogg-theora: a1e56fd34408186e4bbccfd4996cb3dc -> 
  custom:container-muxer-webm: aa71ff27fc2769a1b78a27578f13a17b -> 
  custom:container-demuxer-webm: 4f35f7cbe854078d1ac9338744f61a02 -> 
  custom:video-encoder-webm-vp8: eb34c28f22e8b96e1ab97ce403110664 -> 
  custom:framework-osx-AVFoundation: e770b220cccbd017edd2c1fefb359320 -> 
  custom:audio-encoder-webm-vorbis: bf7c407c2cedff20999df2af8eb42d56 -> 
  custom:container-demuxer-ogg: 62fdf1f143b41e24485cea50d1cbac27 -> 
  custom:video-decoder-webm-vp8: 9c59270c3fd7afecdb556c50c9e8de78 -> 
  custom:audio-decoder-ogg-vorbis: bf7c407c2cedff20999df2af8eb42d56 -> 
========================================================================
Received Import Request.
  Time since last request: 23947.730394 seconds.
  path: Assets/Scenes/TitleScene.unity
  artifactKey: Guid(01d0ad812d2d048f086aaf80cbebe8ed) Importer(815301076,1909f56bfc062723c751e8b465ee728b)
Start importing Assets/Scenes/TitleScene.unity using Guid(01d0ad812d2d048f086aaf80cbebe8ed) Importer(815301076,1909f56bfc062723c751e8b465ee728b)  -> (artifact id: 'f1015dc9b09c6ba8f7162002deaba418') in 0.005997 seconds 
========================================================================
Received Import Request.
  Time since last request: 0.590513 seconds.
  path: Assets/Scenes/ResultScene.unity
  artifactKey: Guid(cf80fff7bd2704f8c94b4fe971cf0560) Importer(815301076,1909f56bfc062723c751e8b465ee728b)
Start importing Assets/Scenes/ResultScene.unity using Guid(cf80fff7bd2704f8c94b4fe971cf0560) Importer(815301076,1909f56bfc062723c751e8b465ee728b)  -> (artifact id: 'c5466fd8d0efa260edbb6f6cc839650e') in 0.001916 seconds 
========================================================================
Received Import Request.
  Time since last request: 3.847202 seconds.
  path: Assets/Scenes/SampleScene.unity
  artifactKey: Guid(9fc0d4010bbf28b4594072e72b8655ab) Importer(815301076,1909f56bfc062723c751e8b465ee728b)
Start importing Assets/Scenes/SampleScene.unity using Guid(9fc0d4010bbf28b4594072e72b8655ab) Importer(815301076,1909f56bfc062723c751e8b465ee728b)  -> (artifact id: '05c6e1122a9fbeb76e0fc83bb78990a5') in 0.002478 seconds 
========================================================================
Received Import Request.
  Time since last request: 69.552298 seconds.
  path: Assets/scripts/StartCountdown.cs
  artifactKey: Guid(1da5d5ff8ecaf447f83b5718ac57eabd) Importer(815301076,1909f56bfc062723c751e8b465ee728b)
Start importing Assets/scripts/StartCountdown.cs using Guid(1da5d5ff8ecaf447f83b5718ac57eabd) Importer(815301076,1909f56bfc062723c751e8b465ee728b)  -> (artifact id: '13510ab44827465d4dd1dab181cdece2') in 0.059999 seconds 
========================================================================
Received Import Request.
  Time since last request: 1.981591 seconds.
  path: Assets/scripts/Timer.cs
  artifactKey: Guid(7e2ee5d43d3dc49418958a16ab9e9de0) Importer(815301076,1909f56bfc062723c751e8b465ee728b)
Start importing Assets/scripts/Timer.cs using Guid(7e2ee5d43d3dc49418958a16ab9e9de0) Importer(815301076,1909f56bfc062723c751e8b465ee728b)  -> (artifact id: '2ebb6b1f1d564710544a8b26fe39a30d') in 0.002222 seconds 
========================================================================
Received Import Request.
  Time since last request: 3.038335 seconds.
  path: Assets/scripts/System/Camerashake.cs
  artifactKey: Guid(9e5e7ff68a52f42998b6578a181bcacd) Importer(815301076,1909f56bfc062723c751e8b465ee728b)
Start importing Assets/scripts/System/Camerashake.cs using Guid(9e5e7ff68a52f42998b6578a181bcacd) Importer(815301076,1909f56bfc062723c751e8b465ee728b)  -> (artifact id: 'c000c421d0eef5b11cd229fd25464fdb') in 0.002171 seconds 
========================================================================
Received Import Request.
  Time since last request: 49.395993 seconds.
  path: Assets/Prefabs/Enemy.prefab
  artifactKey: Guid(ac70e1881e43d4e0c9dfc3c077c3ab90) Importer(815301076,1909f56bfc062723c751e8b465ee728b)
Start importing Assets/Prefabs/Enemy.prefab using Guid(ac70e1881e43d4e0c9dfc3c077c3ab90) Importer(815301076,1909f56bfc062723c751e8b465ee728b)  -> (artifact id: '4b6ad12233bc324407b1c651d1e6e551') in 0.149062 seconds 
========================================================================
Received Import Request.
  Time since last request: 0.000050 seconds.
  path: Assets/Prefabs/スクリーンショット 2023-06-29 14.27.20.png
  artifactKey: Guid(68c51ba7ad8c34dd09f0e6adf4cf81fe) Importer(815301076,1909f56bfc062723c751e8b465ee728b)
Start importing Assets/Prefabs/スクリーンショット 2023-06-29 14.27.20.png using Guid(68c51ba7ad8c34dd09f0e6adf4cf81fe) Importer(815301076,1909f56bfc062723c751e8b465ee728b)  -> (artifact id: 'ab98c79c5d71073544cdc63f25a5e0e4') in 0.864368 seconds 
========================================================================
Received Import Request.
  Time since last request: 5.926907 seconds.
  path: Assets/scripts/Player/Supponn.cs
  artifactKey: Guid(de786b223a9aa4764832d52d90a63d6c) Importer(815301076,1909f56bfc062723c751e8b465ee728b)
Start importing Assets/scripts/Player/Supponn.cs using Guid(de786b223a9aa4764832d52d90a63d6c) Importer(815301076,1909f56bfc062723c751e8b465ee728b)  -> (artifact id: '7ce60b49d7fa0dc7aa262343536a15e6') in 0.003339 seconds 
